<?xml version="1.0" encoding="UTF-8"?>
<testsuite xmlns:xsi="http://www.w3.org/2001/XMLSchema-instance" xsi:noNamespaceSchemaLocation="https://maven.apache.org/surefire/maven-surefire-plugin/xsd/surefire-test-report-3.0.xsd" version="3.0" name="org.example.AppTest" time="0.174" tests="16" errors="0" skipped="0" failures="0">
  <properties>
    <property name="java.specification.version" value="19"/>
    <property name="sun.jnu.encoding" value="UTF-8"/>
    <property name="java.class.path" value="/Users/irinascortar/Desktop/ssvv/target/test-classes:/Users/irinascortar/Desktop/ssvv/target/classes:/Users/irinascortar/.m2/repository/junit/junit/4.13.2/junit-4.13.2.jar:/Users/irinascortar/.m2/repository/org/hamcrest/hamcrest-core/1.3/hamcrest-core-1.3.jar:/Users/irinascortar/.m2/repository/org/junit/jupiter/junit-jupiter/5.10.2/junit-jupiter-5.10.2.jar:/Users/irinascortar/.m2/repository/org/junit/jupiter/junit-jupiter-api/5.10.2/junit-jupiter-api-5.10.2.jar:/Users/irinascortar/.m2/repository/org/opentest4j/opentest4j/1.3.0/opentest4j-1.3.0.jar:/Users/irinascortar/.m2/repository/org/junit/platform/junit-platform-commons/1.10.2/junit-platform-commons-1.10.2.jar:/Users/irinascortar/.m2/repository/org/apiguardian/apiguardian-api/1.1.2/apiguardian-api-1.1.2.jar:/Users/irinascortar/.m2/repository/org/junit/jupiter/junit-jupiter-params/5.10.2/junit-jupiter-params-5.10.2.jar:/Users/irinascortar/.m2/repository/org/junit/jupiter/junit-jupiter-engine/5.10.2/junit-jupiter-engine-5.10.2.jar:/Users/irinascortar/.m2/repository/org/junit/platform/junit-platform-engine/1.10.2/junit-platform-engine-1.10.2.jar:"/>
    <property name="java.vm.vendor" value="Azul Systems, Inc."/>
    <property name="sun.arch.data.model" value="64"/>
    <property name="java.vendor.url" value="http://www.azul.com/"/>
    <property name="os.name" value="Mac OS X"/>
    <property name="java.vm.specification.version" value="19"/>
    <property name="sun.java.launcher" value="SUN_STANDARD"/>
    <property name="user.country" value="RO"/>
    <property name="sun.boot.library.path" value="/Users/irinascortar/.sdkman/candidates/java/19.0.2.fx-zulu/zulu-19.jdk/Contents/Home/lib"/>
    <property name="sun.java.command" value="/Users/irinascortar/Desktop/ssvv/target/surefire/surefirebooter-20240403160724150_3.jar /Users/irinascortar/Desktop/ssvv/target/surefire 2024-04-03T16-07-23_606-jvmRun1 surefire-20240403160724150_1tmp surefire_0-20240403160724150_2tmp"/>
    <property name="http.nonProxyHosts" value="local|*.local|169.254/16|*.169.254/16"/>
    <property name="jdk.debug" value="release"/>
    <property name="surefire.test.class.path" value="/Users/irinascortar/Desktop/ssvv/target/test-classes:/Users/irinascortar/Desktop/ssvv/target/classes:/Users/irinascortar/.m2/repository/junit/junit/4.13.2/junit-4.13.2.jar:/Users/irinascortar/.m2/repository/org/hamcrest/hamcrest-core/1.3/hamcrest-core-1.3.jar:/Users/irinascortar/.m2/repository/org/junit/jupiter/junit-jupiter/5.10.2/junit-jupiter-5.10.2.jar:/Users/irinascortar/.m2/repository/org/junit/jupiter/junit-jupiter-api/5.10.2/junit-jupiter-api-5.10.2.jar:/Users/irinascortar/.m2/repository/org/opentest4j/opentest4j/1.3.0/opentest4j-1.3.0.jar:/Users/irinascortar/.m2/repository/org/junit/platform/junit-platform-commons/1.10.2/junit-platform-commons-1.10.2.jar:/Users/irinascortar/.m2/repository/org/apiguardian/apiguardian-api/1.1.2/apiguardian-api-1.1.2.jar:/Users/irinascortar/.m2/repository/org/junit/jupiter/junit-jupiter-params/5.10.2/junit-jupiter-params-5.10.2.jar:/Users/irinascortar/.m2/repository/org/junit/jupiter/junit-jupiter-engine/5.10.2/junit-jupiter-engine-5.10.2.jar:/Users/irinascortar/.m2/repository/org/junit/platform/junit-platform-engine/1.10.2/junit-platform-engine-1.10.2.jar:"/>
    <property name="sun.cpu.endian" value="little"/>
    <property name="user.home" value="/Users/irinascortar"/>
    <property name="user.language" value="en"/>
    <property name="java.specification.vendor" value="Oracle Corporation"/>
    <property name="java.version.date" value="2023-01-17"/>
    <property name="java.home" value="/Users/irinascortar/.sdkman/candidates/java/19.0.2.fx-zulu/zulu-19.jdk/Contents/Home"/>
    <property name="file.separator" value="/"/>
    <property name="basedir" value="/Users/irinascortar/Desktop/ssvv"/>
    <property name="java.vm.compressedOopsMode" value="Zero based"/>
    <property name="line.separator" value="&#10;"/>
    <property name="java.vm.specification.vendor" value="Oracle Corporation"/>
    <property name="java.specification.name" value="Java Platform API Specification"/>
    <property name="apple.awt.application.name" value="ForkedBooter"/>
    <property name="surefire.real.class.path" value="/Users/irinascortar/Desktop/ssvv/target/surefire/surefirebooter-20240403160724150_3.jar"/>
    <property name="sun.management.compiler" value="HotSpot 64-Bit Tiered Compilers"/>
    <property name="ftp.nonProxyHosts" value="local|*.local|169.254/16|*.169.254/16"/>
    <property name="java.runtime.version" value="19.0.2+7"/>
    <property name="user.name" value="irinascortar"/>
    <property name="stdout.encoding" value="UTF-8"/>
    <property name="path.separator" value=":"/>
    <property name="os.version" value="14.4.1"/>
    <property name="java.runtime.name" value="OpenJDK Runtime Environment"/>
    <property name="file.encoding" value="UTF-8"/>
    <property name="java.vm.name" value="OpenJDK 64-Bit Server VM"/>
    <property name="java.vendor.version" value="Zulu19.32+15-CA"/>
    <property name="localRepository" value="/Users/irinascortar/.m2/repository"/>
    <property name="java.vendor.url.bug" value="http://www.azul.com/support/"/>
    <property name="java.io.tmpdir" value="/var/folders/v7/kxtjbcc52z159cvvf0wb_nk00000gn/T/"/>
    <property name="java.version" value="19.0.2"/>
    <property name="user.dir" value="/Users/irinascortar/Desktop/ssvv"/>
    <property name="os.arch" value="aarch64"/>
    <property name="java.vm.specification.name" value="Java Virtual Machine Specification"/>
    <property name="native.encoding" value="UTF-8"/>
    <property name="java.library.path" value="/Users/irinascortar/Library/Java/Extensions:/Library/Java/Extensions:/Network/Library/Java/Extensions:/System/Library/Java/Extensions:/usr/lib/java:."/>
    <property name="java.vm.info" value="mixed mode, sharing"/>
    <property name="stderr.encoding" value="UTF-8"/>
    <property name="java.vendor" value="Azul Systems, Inc."/>
    <property name="java.vm.version" value="19.0.2+7"/>
    <property name="sun.io.unicode.encoding" value="UnicodeBig"/>
    <property name="socksNonProxyHosts" value="local|*.local|169.254/16|*.169.254/16"/>
    <property name="java.class.version" value="63.0"/>
  </properties>
  <testcase name="testAddStudent_Success" classname="org.example.AppTest" time="0.087"/>
  <testcase name="testNumeNonEmpty_Failure" classname="org.example.AppTest" time="0.003"/>
  <testcase name="testGroupGreaterThan0_Success" classname="org.example.AppTest" time="0.003"/>
  <testcase name="testEmailNonNull_Success" classname="org.example.AppTest" time="0.004"/>
  <testcase name="testIdNonEmpty_Failure" classname="org.example.AppTest" time="0.003"/>
  <testcase name="testNumeNonNull_Failure" classname="org.example.AppTest" time="0.002"/>
  <testcase name="testGroupGreaterThan0_Failure" classname="org.example.AppTest" time="0.007"/>
  <testcase name="testEmailNonNull_Failure" classname="org.example.AppTest" time="0.002"/>
  <testcase name="testEmailNonEmpty_Success" classname="org.example.AppTest" time="0.004"/>
  <testcase name="testIdNonNull_Success" classname="org.example.AppTest" time="0.004"/>
  <testcase name="testEmailNonEmpty_Failure" classname="org.example.AppTest" time="0.002"/>
  <testcase name="testAddStudent_Failure_ExistingStudent" classname="org.example.AppTest" time="0.007">
    <system-out><![CDATA[null
]]></system-out>
  </testcase>
  <testcase name="testIdNonNull_Failure" classname="org.example.AppTest" time="0.003"/>
  <testcase name="testNumeNonEmpty_Success" classname="org.example.AppTest" time="0.002"/>
  <testcase name="testIdNonEmpty_Success" classname="org.example.AppTest" time="0.004"/>
  <testcase name="testNumeNonNull_Success" classname="org.example.AppTest" time="0.003"/>
</testsuite>